<?xml version="1.0" encoding="UTF-8"?>
<!-- Generated by org.testng.reporters.JUnitReportReporter -->
<testsuite skipped="0" hostname="hp-PC" name="demo.demorunTest" tests="1" failures="0" timestamp="2020-08-02T19:33:27 IST" time="12.625" errors="0">
  <testcase name="demorunjenkin" time="12.625" classname="demo.demorunTest"/>
</testsuite> <!-- demo.demorunTest -->
