<?xml version="1.0" encoding="UTF-8"?>
<!-- Generated by org.testng.reporters.JUnitReportReporter -->
<testsuite skipped="0" hostname="hp-PC" name="demo.demorunjenkin" tests="1" failures="0" timestamp="2020-08-02T19:16:28 IST" time="11.136" errors="0">
  <testcase name="demorunjenkin" time="11.136" classname="demo.demorunjenkin"/>
</testsuite> <!-- demo.demorunjenkin -->
